<?xml version="1.0" encoding="UTF-8"?>
<testng-results skipped="0" failed="0" ignored="0" total="1" passed="1">
  <reporter-output>
  </reporter-output>
  <suite name="Default suite" duration-ms="678" started-at="2022-12-22T19:55:48 IST" finished-at="2022-12-22T19:55:49 IST">
    <groups>
    </groups>
    <test name="Default test" duration-ms="678" started-at="2022-12-22T19:55:48 IST" finished-at="2022-12-22T19:55:49 IST">
      <class name="sampleTest.Test06_JsonFilePath">
        <test-method status="PASS" signature="getJsonFilePath()[pri:0, instance:sampleTest.Test06_JsonFilePath@3712b94]" name="getJsonFilePath" duration-ms="634" started-at="2022-12-22T19:55:48 IST" finished-at="2022-12-22T19:55:49 IST">
          <reporter-output>
          </reporter-output>
        </test-method> <!-- getJsonFilePath -->
      </class> <!-- sampleTest.Test06_JsonFilePath -->
    </test> <!-- Default test -->
  </suite> <!-- Default suite -->
</testng-results>
